dmesg -n 1
dmesg -n 1
root@prplOS:/# ubus-cli WiFi.AccessPoint.1.Enable=0
ubus-cli WiFi.AccessPoint.1.Enable=0
> WiFi.AccessPoint.1.Enable=0
WiFi.AccessPoint.1.
WiFi.AccessPoint.1.Enable=0

root@prplOS:/# ubus-cli WiFi.AccessPoint.2.Enable=0
ubus-cli WiFi.AccessPoint.2.Enable=0
> WiFi.AccessPoint.2.Enable=0
WiFi.AccessPoint.2.
WiFi.AccessPoint.2.Enable=0

root@prplOS:/# killall wpa_supplicant 2>/dev/null || true
killall wpa_supplicant 2>/dev/null || true
root@prplOS:/# iw dev wl0.1 del 2>/dev/null || true
iw dev wl0.1 del 2>/dev/null || true
root@prplOS:/# iw dev wl0 disconnect 2>/dev/null || true
iw dev wl0 disconnect 2>/dev/null || true
root@prplOS:/# ifconfig wl0 down
ifconfig wl0 down
root@prplOS:/# wl -i wl0 down
wl -i wl0 down
root@prplOS:/# wl -i wl0 ap 0
wl -i wl0 ap 0
root@prplOS:/# iw dev wl0 set type managed
iw dev wl0 set type managed
root@prplOS:/# wl -i wl0 up
wl -i wl0 up
root@prplOS:/# ifconfig wl0 up
ifconfig wl0 up
root@prplOS:/# rm -rf /var/run/wpa_supplicant
rm -rf /var/run/wpa_supplicant
root@prplOS:/# mkdir -p /var/run/wpa_supplicant
mkdir -p /var/run/wpa_supplicant
root@prplOS:/# printf '%s\n' ctrl_interface=/var/run/wpa_supplicant > /tmp/wpa_wl0.conf
printf '%s\n' ctrl_interface=/var/run/wpa_supplicant > /tmp/wpa_w
l0.conf
root@prplOS:/# printf '%s\n' update_config=1 >> /tmp/wpa_wl0.conf
printf '%s\n' update_config=1 >> /tmp/wpa_wl0.conf
root@prplOS:/# printf '%s\n' sae_pwe=2 >> /tmp/wpa_wl0.conf
printf '%s\n' sae_pwe=2 >> /tmp/wpa_wl0.conf
root@prplOS:/# printf '%s\n' 'network={' >> /tmp/wpa_wl0.conf
printf '%s\n' 'network={' >> /tmp/wpa_wl0.conf
root@prplOS:/# printf '%s\n' 'ssid="testpilot5G"' >> /tmp/wpa_wl0.conf
printf '%s\n' 'ssid="testpilot5G"' >> /tmp/wpa_wl0.conf
root@prplOS:/# printf '%s\n' key_mgmt=SAE >> /tmp/wpa_wl0.conf
printf '%s\n' key_mgmt=SAE >> /tmp/wpa_wl0.conf
root@prplOS:/# printf '%s\n' 'sae_password="00000000"' >> /tmp/wpa_wl0.conf
printf '%s\n' 'sae_password="00000000"' >> /tmp/wpa_wl0.conf
root@prplOS:/# printf '%s\n' ieee80211w=2 >> /tmp/wpa_wl0.conf
printf '%s\n' ieee80211w=2 >> /tmp/wpa_wl0.conf
root@prplOS:/# printf '%s\n' scan_ssid=1 >> /tmp/wpa_wl0.conf
printf '%s\n' scan_ssid=1 >> /tmp/wpa_wl0.conf
root@prplOS:/# printf '%s\n' '}' >> /tmp/wpa_wl0.conf
printf '%s\n' '}' >> /tmp/wpa_wl0.conf
root@prplOS:/# wpa_supplicant -B -D nl80211 -i wl0 -c /tmp/wpa_wl0.conf -C /var/run/wpa_supplicant
wpa_supplicant -B -D nl80211 -i wl0 -c /tmp/wpa_wl0.conf -C /var/
run/wpa_supplicant
Successfully initialized wpa_supplicant
rfkill: Cannot open RFKILL control device
root@prplOS:/# sleep 5
sleep 5
root@prplOS:/# wpa_cli -p /var/run/wpa_supplicant -i wl0 enable_network 0
wpa_cli -p /var/run/wpa_supplicant -i wl0 enable_network 0
OK
root@prplOS:/# wpa_cli -p /var/run/wpa_supplicant -i wl0 select_network 0
wpa_cli -p /var/run/wpa_supplicant -i wl0 select_network 0
OK
root@prplOS:/# wpa_cli -p /var/run/wpa_supplicant -i wl0 ping
wpa_cli -p /var/run/wpa_supplicant -i wl0 ping
PONG
root@prplOS:/# sleep 1
sleep 1
root@prplOS:/# wpa_cli -p /var/run/wpa_supplicant -i wl0 ping
wpa_cli -p /var/run/wpa_supplicant -i wl0 ping
PONG
root@prplOS:/# wpa_cli -p /var/run/wpa_supplicant -i wl0 select_network 0
wpa_cli -p /var/run/wpa_supplicant -i wl0 select_network 0
OK
root@prplOS:/# sleep 5
sleep 5
root@prplOS:/# iw dev wl0 link
iw dev wl0 link
Connected to 2c:59:17:00:42:15 (on wl0)
	SSID: testpilot5G
	freq: 5180
	RX: 448 bytes (2 packets)
	TX: 0 bytes (11 packets)
	signal: -41 dBm
	tx bitrate: 541.6 MBit/s
root@prplOS:/# iw dev wl0 link
iw dev wl0 link
Connected to 2c:59:17:00:42:15 (on wl0)
	SSID: testpilot5G
	freq: 5180
	RX: 448 bytes (2 packets)
	TX: 0 bytes (11 packets)
	signal: -41 dBm
	tx bitrate: 541.6 MBit/s
root@prplOS:/# wpa_cli -p /var/run/wpa_supplicant -i wl0 status
wpa_cli -p /var/run/wpa_supplicant -i wl0 status
bssid=2c:59:17:00:42:15
freq=5180
ssid=testpilot5G
id=0
mode=station
wifi_generation=6
pairwise_cipher=CCMP
group_cipher=CCMP
key_mgmt=SAE
pmf=2
mgmt_group_cipher=BIP
wpa_state=COMPLETED
address=2c:59:17:00:19:95
uuid=e5475359-0e8d-5adc-98d5-65101bfa787e
root@prplOS:/# dmesg -n 1
dmesg -n 1
root@prplOS:/# iw dev wl0 link
iw dev wl0 link
Connected to 2c:59:17:00:42:15 (on wl0)
	SSID: testpilot5G
	freq: 5180
	RX: 448 bytes (2 packets)
	TX: 0 bytes (11 packets)
	signal: -41 dBm
	tx bitrate: 541.6 MBit/s
root@prplOS:/# wpa_cli -p /var/run/wpa_supplicant -i wl0 status
wpa_cli -p /var/run/wpa_supplicant -i wl0 status
bssid=2c:59:17:00:42:15
freq=5180
ssid=testpilot5G
id=0
mode=station
wifi_generation=6
pairwise_cipher=CCMP
group_cipher=CCMP
key_mgmt=SAE
pmf=2
mgmt_group_cipher=BIP
wpa_state=COMPLETED
address=2c:59:17:00:19:95
uuid=e5475359-0e8d-5adc-98d5-65101bfa787e
root@prplOS:/# dmesg -n 1
dmesg -n 1
root@prplOS:/# ubus-cli WiFi.AccessPoint.3.Enable=0
ubus-cli WiFi.AccessPoint.3.Enable=0
> WiFi.AccessPoint.3.Enable=0
WiFi.AccessPoint.3.
WiFi.AccessPoint.3.Enable=0

root@prplOS:/# ubus-cli WiFi.AccessPoint.4.Enable=0
ubus-cli WiFi.AccessPoint.4.Enable=0
> WiFi.AccessPoint.4.Enable=0
WiFi.AccessPoint.4.
WiFi.AccessPoint.4.Enable=0

root@prplOS:/# sleep 3
sleep 3
root@prplOS:/# wpa_cli -i wl1 terminate 2>/dev/null || true
wpa_cli -i wl1 terminate 2>/dev/null || true
root@prplOS:/# rm -f /var/run/wpa_supplicant/wl1 2>/dev/null || true
rm -f /var/run/wpa_supplicant/wl1 2>/dev/null || true
root@prplOS:/# iw dev wl1.1 del 2>/dev/null || true
iw dev wl1.1 del 2>/dev/null || true
root@prplOS:/# iw dev wl1 disconnect 2>/dev/null || true
iw dev wl1 disconnect 2>/dev/null || true
root@prplOS:/# wl -i wl1 bss
wl -i wl1 bss
down
root@prplOS:/# iw dev wl1.1 info
iw dev wl1.1 info
command failed: No such device (-19)
root@prplOS:/# iw dev wl1.1 del 2>/dev/null || true
iw dev wl1.1 del 2>/dev/null || true
root@prplOS:/# ifconfig wl1 down
ifconfig wl1 down
root@prplOS:/# wl -i wl1 down
wl -i wl1 down
root@prplOS:/# wl -i wl1 ap 0
wl -i wl1 ap 0
root@prplOS:/# iw dev wl1 set type managed
iw dev wl1 set type managed
root@prplOS:/# wl -i wl1 up
wl -i wl1 up
root@prplOS:/# ifconfig wl1 up
ifconfig wl1 up
root@prplOS:/# mkdir -p /var/run/wpa_supplicant
mkdir -p /var/run/wpa_supplicant
root@prplOS:/# printf '%s\n' ctrl_interface=/var/run/wpa_supplicant > /tmp/wpa_wl1.conf
printf '%s\n' ctrl_interface=/var/run/wpa_supplicant > /tmp/wpa_w
l1.conf
root@prplOS:/# printf '%s\n' update_config=1 >> /tmp/wpa_wl1.conf
printf '%s\n' update_config=1 >> /tmp/wpa_wl1.conf
root@prplOS:/# printf '%s\n' sae_pwe=2 >> /tmp/wpa_wl1.conf
printf '%s\n' sae_pwe=2 >> /tmp/wpa_wl1.conf
root@prplOS:/# printf '%s\n' 'network={' >> /tmp/wpa_wl1.conf
printf '%s\n' 'network={' >> /tmp/wpa_wl1.conf
root@prplOS:/# printf '%s\n' 'ssid="testpilot6G"' >> /tmp/wpa_wl1.conf
printf '%s\n' 'ssid="testpilot6G"' >> /tmp/wpa_wl1.conf
root@prplOS:/# printf '%s\n' key_mgmt=SAE >> /tmp/wpa_wl1.conf
printf '%s\n' key_mgmt=SAE >> /tmp/wpa_wl1.conf
root@prplOS:/# printf '%s\n' 'sae_password="00000000"' >> /tmp/wpa_wl1.conf
printf '%s\n' 'sae_password="00000000"' >> /tmp/wpa_wl1.conf
root@prplOS:/# printf '%s\n' ieee80211w=2 >> /tmp/wpa_wl1.conf
printf '%s\n' ieee80211w=2 >> /tmp/wpa_wl1.conf
root@prplOS:/# printf '%s\n' scan_ssid=1 >> /tmp/wpa_wl1.conf
printf '%s\n' scan_ssid=1 >> /tmp/wpa_wl1.conf
root@prplOS:/# printf '%s\n' '}' >> /tmp/wpa_wl1.conf
printf '%s\n' '}' >> /tmp/wpa_wl1.conf
root@prplOS:/# wpa_supplicant -B -D nl80211 -i wl1 -c /tmp/wpa_wl1.conf -C /var/run/wpa_supplicant
wpa_supplicant -B -D nl80211 -i wl1 -c /tmp/wpa_wl1.conf -C /var/
run/wpa_supplicant
Successfully initialized wpa_supplicant
rfkill: Cannot open RFKILL control device
root@prplOS:/# sleep 5
sleep 5
root@prplOS:/# wpa_cli -p /var/run/wpa_supplicant -i wl1 enable_network 0
wpa_cli -p /var/run/wpa_supplicant -i wl1 enable_network 0
OK
root@prplOS:/# wpa_cli -p /var/run/wpa_supplicant -i wl1 select_network 0
wpa_cli -p /var/run/wpa_supplicant -i wl1 select_network 0
OK
root@prplOS:/# wpa_cli -p /var/run/wpa_supplicant -i wl1 ping
wpa_cli -p /var/run/wpa_supplicant -i wl1 ping
PONG
root@prplOS:/# sleep 1
sleep 1
root@prplOS:/# wpa_cli -p /var/run/wpa_supplicant -i wl1 ping
wpa_cli -p /var/run/wpa_supplicant -i wl1 ping
PONG
root@prplOS:/# wpa_cli -p /var/run/wpa_supplicant -i wl1 select_network 0
wpa_cli -p /var/run/wpa_supplicant -i wl1 select_network 0
OK
root@prplOS:/# sleep 15
sleep 15
root@prplOS:/# iw dev wl1 link
iw dev wl1 link
Connected to 2c:59:17:00:42:16 (on wl1)
	SSID: testpilot6G
	freq: 5955
	RX: 448 bytes (2 packets)
	TX: 0 bytes (11 packets)
	signal: -69 dBm
	tx bitrate: 541.6 MBit/s
root@prplOS:/# wpa_cli -p /var/run/wpa_supplicant -i wl1 status
wpa_cli -p /var/run/wpa_supplicant -i wl1 status
bssid=2c:59:17:00:42:16
freq=5955
ssid=testpilot6G
id=0
mode=station
wifi_generation=6
pairwise_cipher=CCMP
group_cipher=CCMP
key_mgmt=SAE
pmf=2
mgmt_group_cipher=BIP
sae_group=19
sae_h2e=1
sae_pk=0
wpa_state=COMPLETED
address=2c:59:17:00:19:96
uuid=07effc44-4fe4-5920-9b05-3f7dbab41ad0
root@prplOS:/# iw dev wl1 link
iw dev wl1 link
Connected to 2c:59:17:00:42:16 (on wl1)
	SSID: testpilot6G
	freq: 5955
	RX: 448 bytes (2 packets)
	TX: 0 bytes (11 packets)
	signal: -69 dBm
	tx bitrate: 541.6 MBit/s
root@prplOS:/# wpa_cli -p /var/run/wpa_supplicant -i wl1 status
wpa_cli -p /var/run/wpa_supplicant -i wl1 status
bssid=2c:59:17:00:42:16
freq=5955
ssid=testpilot6G
id=0
mode=station
wifi_generation=6
pairwise_cipher=CCMP
group_cipher=CCMP
key_mgmt=SAE
pmf=2
mgmt_group_cipher=BIP
sae_group=19
sae_h2e=1
sae_pk=0
wpa_state=COMPLETED
address=2c:59:17:00:19:96
uuid=07effc44-4fe4-5920-9b05-3f7dbab41ad0
root@prplOS:/# wl -i wl1 status
wl -i wl1 status
SSID: "testpilot6G"
Mode: Managed	RSSI: -65 dBm	SNR: 32 dB	noise: -97 dBm	Flags: FromBcn RSSI on-channel 	Channel: 6g1
BSSID: 2C:59:17:00:42:16	Capability: ESS WEP RRM 
Beacon Interval: 100 msecs	DTIM Period: 3
Supported Rates: [ 6(b) 9 12 18 24(b) 36 48 54 ]
RSN (WPA3-SAE):
	multicast cipher: AES-CCMP
	unicast ciphers(1): AES-CCMP 
	AKM Suites(1): SAE 
	Capabilities(0x00cc): No Pre-Auth, Pairwise, 16 PTK Replay Ctrs1 GTK Replay Ctr, MFP: Required
Extended Capabilities: IW BSS_Transition
HE Capable:
	Chanspec: 6GHz channel 1 20MHz (0x5001)
	Primary channel: 1
	Negotiated HE MCS:
	    20/40/80 MHz:
		NSS1 Tx: 0-11        Rx: 0-11
		NSS2 Tx: 0-11        Rx: 0-11
		NSS3 Tx: 0-11        Rx: 0-11
		NSS4 Tx: 0-11        Rx: 0-11
	    160 MHz:
		NSS1 Tx: 0-11        Rx: 0-11
		NSS2 Tx: 0-11        Rx: 0-11
		NSS3 Tx: 0-11        Rx: 0-11
		NSS4 Tx: 0-11        Rx: 0-11
	BSS Color: 0x28		Partial BSS Color: false
	BSS Color Disabled: true
VS_IE:dd090010180200001c0000
VS_IE:dd180050f20201010f0003a4000027a4000042435e0062322f00
VS_IE:dd07506f9a16010100
QBSS Channel Utilization: 0x12 (7 %)

root@prplOS:/# dmesg -n 1
dmesg -n 1
root@prplOS:/# ubus-cli WiFi.AccessPoint.5.Enable=0
ubus-cli WiFi.AccessPoint.5.Enable=0
> WiFi.AccessPoint.5.Enable=0
WiFi.AccessPoint.5.
WiFi.AccessPoint.5.Enable=0

root@prplOS:/# ubus-cli WiFi.AccessPoint.6.Enable=0
ubus-cli WiFi.AccessPoint.6.Enable=0
> WiFi.AccessPoint.6.Enable=0
WiFi.AccessPoint.6.
WiFi.AccessPoint.6.Enable=0

root@prplOS:/# wpa_cli -i wl2 terminate 2>/dev/null || true
wpa_cli -i wl2 terminate 2>/dev/null || true
root@prplOS:/# iw dev wl2.1 del 2>/dev/null || true
iw dev wl2.1 del 2>/dev/null || true
root@prplOS:/# iw dev wl2 disconnect 2>/dev/null || true
iw dev wl2 disconnect 2>/dev/null || true
root@prplOS:/# ifconfig wl2 down
ifconfig wl2 down
root@prplOS:/# wl -i wl2 down
wl -i wl2 down
root@prplOS:/# wl -i wl2 ap 0
wl -i wl2 ap 0
root@prplOS:/# iw dev wl2 set type managed
iw dev wl2 set type managed
root@prplOS:/# wl -i wl2 up
wl -i wl2 up
root@prplOS:/# ifconfig wl2 up
ifconfig wl2 up
root@prplOS:/# rm -f /var/run/wpa_supplicant/wl2 2>/dev/null || true
rm -f /var/run/wpa_supplicant/wl2 2>/dev/null || true
root@prplOS:/# mkdir -p /var/run/wpa_supplicant
mkdir -p /var/run/wpa_supplicant
root@prplOS:/# printf '%s\n' ctrl_interface=/var/run/wpa_supplicant > /tmp/wpa_wl2.conf
printf '%s\n' ctrl_interface=/var/run/wpa_supplicant > /tmp/wpa_w
l2.conf
root@prplOS:/# printf '%s\n' update_config=1 >> /tmp/wpa_wl2.conf
printf '%s\n' update_config=1 >> /tmp/wpa_wl2.conf
root@prplOS:/# printf '%s\n' sae_pwe=2 >> /tmp/wpa_wl2.conf
printf '%s\n' sae_pwe=2 >> /tmp/wpa_wl2.conf
root@prplOS:/# printf '%s\n' 'network={' >> /tmp/wpa_wl2.conf
printf '%s\n' 'network={' >> /tmp/wpa_wl2.conf
root@prplOS:/# printf '%s\n' 'ssid="testpilot2G"' >> /tmp/wpa_wl2.conf
printf '%s\n' 'ssid="testpilot2G"' >> /tmp/wpa_wl2.conf
root@prplOS:/# printf '%s\n' key_mgmt=SAE >> /tmp/wpa_wl2.conf
printf '%s\n' key_mgmt=SAE >> /tmp/wpa_wl2.conf
root@prplOS:/# printf '%s\n' 'sae_password="00000000"' >> /tmp/wpa_wl2.conf
printf '%s\n' 'sae_password="00000000"' >> /tmp/wpa_wl2.conf
root@prplOS:/# printf '%s\n' ieee80211w=2 >> /tmp/wpa_wl2.conf
printf '%s\n' ieee80211w=2 >> /tmp/wpa_wl2.conf
root@prplOS:/# printf '%s\n' scan_ssid=1 >> /tmp/wpa_wl2.conf
printf '%s\n' scan_ssid=1 >> /tmp/wpa_wl2.conf
root@prplOS:/# printf '%s\n' '}' >> /tmp/wpa_wl2.conf
printf '%s\n' '}' >> /tmp/wpa_wl2.conf
root@prplOS:/# wpa_supplicant -B -D nl80211 -i wl2 -c /tmp/wpa_wl2.conf -C /var/run/wpa_supplicant
wpa_supplicant -B -D nl80211 -i wl2 -c /tmp/wpa_wl2.conf -C /var/
run/wpa_supplicant
Successfully initialized wpa_supplicant
rfkill: Cannot open RFKILL control device
root@prplOS:/# sleep 5
sleep 5
root@prplOS:/# wpa_cli -p /var/run/wpa_supplicant -i wl2 enable_network 0
wpa_cli -p /var/run/wpa_supplicant -i wl2 enable_network 0
OK
root@prplOS:/# wpa_cli -p /var/run/wpa_supplicant -i wl2 select_network 0
wpa_cli -p /var/run/wpa_supplicant -i wl2 select_network 0
OK
root@prplOS:/# wpa_cli -p /var/run/wpa_supplicant -i wl2 ping
wpa_cli -p /var/run/wpa_supplicant -i wl2 ping
PONG
root@prplOS:/# sleep 1
sleep 1
root@prplOS:/# wpa_cli -p /var/run/wpa_supplicant -i wl2 ping
wpa_cli -p /var/run/wpa_supplicant -i wl2 ping
PONG
root@prplOS:/# wpa_cli -p /var/run/wpa_supplicant -i wl2 select_network 0
wpa_cli -p /var/run/wpa_supplicant -i wl2 select_network 0
OK
root@prplOS:/# sleep 8
sleep 8
root@prplOS:/# iw dev wl2 link
iw dev wl2 link
Connected to 2c:59:17:00:42:27 (on wl2)
	SSID: testpilot2G
	freq: 2412
	RX: 448 bytes (2 packets)
	TX: 0 bytes (11 packets)
	signal: -33 dBm
	tx bitrate: 1.0 MBit/s
root@prplOS:/# iw dev wl2 link
iw dev wl2 link
Connected to 2c:59:17:00:42:27 (on wl2)
	SSID: testpilot2G
	freq: 2412
	RX: 448 bytes (2 packets)
	TX: 0 bytes (11 packets)
	signal: -30 dBm
	tx bitrate: 1.0 MBit/s
root@prplOS:/# wpa_cli -p /var/run/wpa_supplicant -i wl2 status
wpa_cli -p /var/run/wpa_supplicant -i wl2 status
bssid=2c:59:17:00:42:27
freq=2412
ssid=testpilot2G
id=0
mode=station
wifi_generation=6
pairwise_cipher=CCMP
group_cipher=CCMP
key_mgmt=SAE
pmf=2
mgmt_group_cipher=BIP
sae_group=19
sae_h2e=0
sae_pk=0
wpa_state=COMPLETED
address=2c:59:17:00:19:a7
uuid=6d00ee6d-3672-579c-a38c-014d1a457cbc
root@prplOS:/# dmesg -n 1
dmesg -n 1
root@prplOS:/# ubus-cli WiFi.AccessPoint.1.Enable=0
ubus-cli WiFi.AccessPoint.1.Enable=0
> WiFi.AccessPoint.1.Enable=0
WiFi.AccessPoint.1.
WiFi.AccessPoint.1.Enable=0

root@prplOS:/# ubus-cli WiFi.AccessPoint.2.Enable=0
ubus-cli WiFi.AccessPoint.2.Enable=0
> WiFi.AccessPoint.2.Enable=0
WiFi.AccessPoint.2.
WiFi.AccessPoint.2.Enable=0

root@prplOS:/# killall wpa_supplicant 2>/dev/null || true
killall wpa_supplicant 2>/dev/null || true
root@prplOS:/# iw dev wl0.1 del 2>/dev/null || true
iw dev wl0.1 del 2>/dev/null || true
root@prplOS:/# iw dev wl0 disconnect 2>/dev/null || true
iw dev wl0 disconnect 2>/dev/null || true
root@prplOS:/# ifconfig wl0 down
ifconfig wl0 down
root@prplOS:/# wl -i wl0 down
wl -i wl0 down
root@prplOS:/# wl -i wl0 ap 0
wl -i wl0 ap 0
root@prplOS:/# iw dev wl0 set type managed
iw dev wl0 set type managed
root@prplOS:/# wl -i wl0 up
wl -i wl0 up
root@prplOS:/# ifconfig wl0 up
ifconfig wl0 up
root@prplOS:/# rm -rf /var/run/wpa_supplicant
rm -rf /var/run/wpa_supplicant
root@prplOS:/# mkdir -p /var/run/wpa_supplicant
mkdir -p /var/run/wpa_supplicant
root@prplOS:/# printf '%s\n' ctrl_interface=/var/run/wpa_supplicant > /tmp/wpa_wl0.conf
printf '%s\n' ctrl_interface=/var/run/wpa_supplicant > /tmp/wpa_w
l0.conf
root@prplOS:/# printf '%s\n' update_config=1 >> /tmp/wpa_wl0.conf
printf '%s\n' update_config=1 >> /tmp/wpa_wl0.conf
root@prplOS:/# printf '%s\n' sae_pwe=2 >> /tmp/wpa_wl0.conf
printf '%s\n' sae_pwe=2 >> /tmp/wpa_wl0.conf
root@prplOS:/# printf '%s\n' 'network={' >> /tmp/wpa_wl0.conf
printf '%s\n' 'network={' >> /tmp/wpa_wl0.conf
root@prplOS:/# printf '%s\n' 'ssid="testpilot5G"' >> /tmp/wpa_wl0.conf
printf '%s\n' 'ssid="testpilot5G"' >> /tmp/wpa_wl0.conf
root@prplOS:/# printf '%s\n' key_mgmt=SAE >> /tmp/wpa_wl0.conf
printf '%s\n' key_mgmt=SAE >> /tmp/wpa_wl0.conf
root@prplOS:/# printf '%s\n' 'sae_password="00000000"' >> /tmp/wpa_wl0.conf
printf '%s\n' 'sae_password="00000000"' >> /tmp/wpa_wl0.conf
root@prplOS:/# printf '%s\n' ieee80211w=2 >> /tmp/wpa_wl0.conf
printf '%s\n' ieee80211w=2 >> /tmp/wpa_wl0.conf
root@prplOS:/# printf '%s\n' scan_ssid=1 >> /tmp/wpa_wl0.conf
printf '%s\n' scan_ssid=1 >> /tmp/wpa_wl0.conf
root@prplOS:/# printf '%s\n' '}' >> /tmp/wpa_wl0.conf
printf '%s\n' '}' >> /tmp/wpa_wl0.conf
root@prplOS:/# wpa_supplicant -B -D nl80211 -i wl0 -c /tmp/wpa_wl0.conf -C /var/run/wpa_supplicant
wpa_supplicant -B -D nl80211 -i wl0 -c /tmp/wpa_wl0.conf -C /var/
run/wpa_supplicant
Successfully initialized wpa_supplicant
rfkill: Cannot open RFKILL control device
root@prplOS:/# sleep 5
sleep 5
root@prplOS:/# wpa_cli -p /var/run/wpa_supplicant -i wl0 enable_network 0
wpa_cli -p /var/run/wpa_supplicant -i wl0 enable_network 0
OK
root@prplOS:/# wpa_cli -p /var/run/wpa_supplicant -i wl0 select_network 0
wpa_cli -p /var/run/wpa_supplicant -i wl0 select_network 0
OK
root@prplOS:/# wpa_cli -p /var/run/wpa_supplicant -i wl0 ping
wpa_cli -p /var/run/wpa_supplicant -i wl0 ping
PONG
root@prplOS:/# sleep 1
sleep 1
root@prplOS:/# wpa_cli -p /var/run/wpa_supplicant -i wl0 ping
wpa_cli -p /var/run/wpa_supplicant -i wl0 ping
PONG
root@prplOS:/# wpa_cli -p /var/run/wpa_supplicant -i wl0 select_network 0
wpa_cli -p /var/run/wpa_supplicant -i wl0 select_network 0
OK
root@prplOS:/# sleep 5
sleep 5
root@prplOS:/# iw dev wl0 link
iw dev wl0 link
Connected to 2c:59:17:00:42:15 (on wl0)
	SSID: testpilot5G
	freq: 5180
	RX: 448 bytes (2 packets)
	TX: 0 bytes (10 packets)
	signal: -41 dBm
	tx bitrate: 6.0 MBit/s
root@prplOS:/# iw dev wl0 link
iw dev wl0 link
Connected to 2c:59:17:00:42:15 (on wl0)
	SSID: testpilot5G
	freq: 5180
	RX: 448 bytes (2 packets)
	TX: 0 bytes (10 packets)
	signal: -41 dBm
	tx bitrate: 6.0 MBit/s
root@prplOS:/# wpa_cli -p /var/run/wpa_supplicant -i wl0 status
wpa_cli -p /var/run/wpa_supplicant -i wl0 status
bssid=2c:59:17:00:42:15
freq=5180
ssid=testpilot5G
id=0
mode=station
wifi_generation=6
pairwise_cipher=CCMP
group_cipher=CCMP
key_mgmt=SAE
pmf=2
mgmt_group_cipher=BIP
wpa_state=COMPLETED
address=2c:59:17:00:19:95
uuid=e5475359-0e8d-5adc-98d5-65101bfa787e
root@prplOS:/# iw dev wl0 link
iw dev wl0 link
Connected to 2c:59:17:00:42:15 (on wl0)
	SSID: testpilot5G
	freq: 5180
	RX: 448 bytes (2 packets)
	TX: 0 bytes (10 packets)
	signal: -42 dBm
	tx bitrate: 6.0 MBit/s
root@prplOS:/# wpa_cli -p /var/run/wpa_supplicant -i wl0 status
wpa_cli -p /var/run/wpa_supplicant -i wl0 status
bssid=2c:59:17:00:42:15
freq=5180
ssid=testpilot5G
id=0
mode=station
wifi_generation=6
pairwise_cipher=CCMP
group_cipher=CCMP
key_mgmt=SAE
pmf=2
mgmt_group_cipher=BIP
wpa_state=COMPLETED
address=2c:59:17:00:19:95
uuid=e5475359-0e8d-5adc-98d5-65101bfa787e
root@prplOS:/# 